  App.cpp
  Sample3DSceneRenderer.cpp
  GameTemplateMain.cpp
c:\users\matti\desktop\gametemplate\enginelib\graphics\indexbuffer.inl(22): error C2039: 'GetDevice': is not a member of 'GT::DX11GraphicDevice' (compiling source file Content\Sample3DSceneRenderer.cpp)
  c:\users\matti\desktop\gametemplate\enginelib\graphics\dx11graphicdevice.h(9): note: see declaration of 'GT::DX11GraphicDevice' (compiling source file Content\Sample3DSceneRenderer.cpp)
  c:\users\matti\desktop\gametemplate\enginelib\graphics\indexbuffer.inl(20): note: while compiling class template member function 'void GT::IndexBuffer<unsigned short>::CreateInnerBuffer(const DataType *,const std::size_t,const GT::IGraphicDevice &)'
          with
          [
              DataType=unsigned short
          ] (compiling source file Content\Sample3DSceneRenderer.cpp)
  c:\users\matti\desktop\gametemplate\enginelib\graphics\indexbuffer.inl(9): note: see reference to function template instantiation 'void GT::IndexBuffer<unsigned short>::CreateInnerBuffer(const DataType *,const std::size_t,const GT::IGraphicDevice &)' being compiled
          with
          [
              DataType=unsigned short
          ] (compiling source file Content\Sample3DSceneRenderer.cpp)
  c:\users\matti\desktop\gametemplate\enginelib\graphics\indexbuffer.inl(8): note: while compiling class template member function 'GT::IndexBuffer<unsigned short>::IndexBuffer(const DataType *,const std::size_t,const GT::IGraphicDevice &)'
          with
          [
              DataType=unsigned short
          ] (compiling source file Content\Sample3DSceneRenderer.cpp)
  c:\users\matti\desktop\gametemplate\gametemplate\content\sample3dscenerenderer.cpp(254): note: see reference to function template instantiation 'GT::IndexBuffer<unsigned short>::IndexBuffer(const DataType *,const std::size_t,const GT::IGraphicDevice &)' being compiled
          with
          [
              DataType=unsigned short
          ]
  c:\users\matti\desktop\gametemplate\gametemplate\content\sample3dscenerenderer.cpp(119): note: see reference to class template instantiation 'GT::IndexBuffer<unsigned short>' being compiled
c:\users\matti\desktop\gametemplate\enginelib\graphics\vertexbuffer.inl(22): error C2039: 'GetDevice': is not a member of 'GT::DX11GraphicDevice' (compiling source file Content\Sample3DSceneRenderer.cpp)
  c:\users\matti\desktop\gametemplate\enginelib\graphics\dx11graphicdevice.h(9): note: see declaration of 'GT::DX11GraphicDevice' (compiling source file Content\Sample3DSceneRenderer.cpp)
  c:\users\matti\desktop\gametemplate\enginelib\graphics\vertexbuffer.inl(20): note: while compiling class template member function 'void GT::VertexBuffer<GameTemplate::VertexPositionColor>::CreateInnerBuffer(const VertexType *,std::size_t,const GT::IGraphicDevice &)'
          with
          [
              VertexType=GameTemplate::VertexPositionColor
          ] (compiling source file Content\Sample3DSceneRenderer.cpp)
  c:\users\matti\desktop\gametemplate\enginelib\graphics\vertexbuffer.inl(9): note: see reference to function template instantiation 'void GT::VertexBuffer<GameTemplate::VertexPositionColor>::CreateInnerBuffer(const VertexType *,std::size_t,const GT::IGraphicDevice &)' being compiled
          with
          [
              VertexType=GameTemplate::VertexPositionColor
          ] (compiling source file Content\Sample3DSceneRenderer.cpp)
  c:\users\matti\desktop\gametemplate\enginelib\graphics\vertexbuffer.inl(8): note: while compiling class template member function 'GT::VertexBuffer<GameTemplate::VertexPositionColor>::VertexBuffer(const VertexType *,const std::size_t,const GT::IGraphicDevice &)'
          with
          [
              VertexType=GameTemplate::VertexPositionColor
          ] (compiling source file Content\Sample3DSceneRenderer.cpp)
  c:\users\matti\desktop\gametemplate\gametemplate\content\sample3dscenerenderer.cpp(226): note: see reference to function template instantiation 'GT::VertexBuffer<GameTemplate::VertexPositionColor>::VertexBuffer(const VertexType *,const std::size_t,const GT::IGraphicDevice &)' being compiled
          with
          [
              VertexType=GameTemplate::VertexPositionColor
          ]
  c:\users\matti\desktop\gametemplate\gametemplate\content\sample3dscenerenderer.cpp(113): note: see reference to class template instantiation 'GT::VertexBuffer<GameTemplate::VertexPositionColor>' being compiled
c:\users\matti\desktop\gametemplate\enginelib\graphics\vertexbuffer.inl(22): error C2530: 'poDevice': references must be initialized (compiling source file Content\Sample3DSceneRenderer.cpp)
