c:\users\matti\desktop\gametemplate\enginelib\debug\enginelib.obj
c:\users\matti\desktop\gametemplate\enginelib\debug\vector2.obj
c:\users\matti\desktop\gametemplate\enginelib\debug\dx11graphicdevice.obj
c:\users\matti\desktop\gametemplate\enginelib\debug\matrix.obj
c:\users\matti\desktop\gametemplate\enginelib\debug\vector3.obj
c:\users\matti\desktop\gametemplate\enginelib\debug\simplecamera.obj
c:\users\matti\desktop\gametemplate\enginelib\debug\enginelib.pdb
c:\users\matti\desktop\gametemplate\enginelib\debug\enginelib.vcxprojresolveassemblyreference.cache
c:\users\matti\desktop\gametemplate\debug\enginelib\enginelib.pdb
c:\users\matti\desktop\gametemplate\enginelib\debug\priconfig.xml
c:\users\matti\desktop\gametemplate\enginelib\debug\priconfig.xml.intermediate
c:\users\matti\desktop\gametemplate\enginelib\debug\layout.resfiles
c:\users\matti\desktop\gametemplate\enginelib\debug\layout.resfiles.intermediate
c:\users\matti\desktop\gametemplate\enginelib\debug\resources.resfiles
c:\users\matti\desktop\gametemplate\enginelib\debug\resources.resfiles.intermediate
c:\users\matti\desktop\gametemplate\enginelib\debug\pri.resfiles
c:\users\matti\desktop\gametemplate\enginelib\debug\pri.resfiles.intermediate
c:\users\matti\desktop\gametemplate\debug\enginelib\enginelib.pri
c:\users\matti\desktop\gametemplate\enginelib\debug\qualifiers.txt
c:\users\matti\desktop\gametemplate\enginelib\debug\qualifiers.txt.intermediate
c:\users\matti\desktop\gametemplate\enginelib\debug\multiplequalifiersperdimensionfound.txt
c:\users\matti\desktop\gametemplate\debug\enginelib\enginelib.lib
c:\users\matti\desktop\gametemplate\enginelib\debug\embed.resfiles
c:\users\matti\desktop\gametemplate\enginelib\debug\enginelib.idb
c:\users\matti\desktop\gametemplate\enginelib\debug\enginelib.tlog\cl.command.1.tlog
c:\users\matti\desktop\gametemplate\enginelib\debug\enginelib.tlog\cl.read.1.tlog
c:\users\matti\desktop\gametemplate\enginelib\debug\enginelib.tlog\cl.write.1.tlog
c:\users\matti\desktop\gametemplate\enginelib\debug\enginelib.tlog\enginelib.read.1u.tlog
c:\users\matti\desktop\gametemplate\enginelib\debug\enginelib.tlog\enginelib.write.1u.tlog
c:\users\matti\desktop\gametemplate\enginelib\debug\enginelib.tlog\lib-link.read.1.tlog
c:\users\matti\desktop\gametemplate\enginelib\debug\enginelib.tlog\lib-link.write.1.tlog
c:\users\matti\desktop\gametemplate\enginelib\debug\enginelib.tlog\lib.command.1.tlog
